[19May2025 00:00:00.076] [Server thread/INFO] [net.minecraft.server.MinecraftServer/]: [Not Secure] <DrPingaFloja> NO
[19May2025 00:00:03.987] [Server thread/INFO] [net.minecraft.server.MinecraftServer/]: [Not Secure] <Cattemci> roca?
[19May2025 00:00:28.979] [Server thread/INFO] [net.minecraft.server.MinecraftServer/]: [Not Secure] <Cattemci> enserio no tienes? te compro
[19May2025 00:00:32.286] [Server thread/INFO] [net.minecraft.server.MinecraftServer/]: [Not Secure] <DrPingaFloja> no alv
[19May2025 00:00:36.340] [Server thread/INFO] [net.minecraft.server.MinecraftServer/]: [Not Secure] <DrPingaFloja> estoy en el oceano encima
[19May2025 00:00:44.032] [Server thread/INFO] [net.minecraft.server.MinecraftServer/]: [Not Secure] <Cattemci> te ayudo con eso? XDDDD
[19May2025 00:00:47.727] [Server thread/INFO] [net.minecraft.server.MinecraftServer/]: [Not Secure] <DrPingaFloja> no
[19May2025 00:02:34.533] [Server thread/WARN] [net.minecraft.server.level.ServerPlayerGameMode/]: Mismatch in destroy block pos: BlockPos{x=-3025, y=7, z=-1000} BlockPos{x=-3025, y=8, z=-1000}
[19May2025 00:03:07.607] [Server thread/INFO] [net.minecraft.server.MinecraftServer/]: DrPingaFloja was slain by Sea Serpent
[19May2025 00:03:07.628] [Server thread/INFO] [tombstone/]: The player DrPingaFloja has successfully been saved
[19May2025 00:06:50.180] [Server thread/INFO] [net.minecraft.server.MinecraftServer/]: [Not Secure] <DrPingaFloja> estoy en una cuevota acuatica
[19May2025 00:06:54.174] [Server thread/INFO] [net.minecraft.server.MinecraftServer/]: [Not Secure] <DrPingaFloja> da miedo
[19May2025 00:06:57.647] [Server thread/INFO] [net.minecraft.server.MinecraftServer/]: [Not Secure] <DrPingaFloja> hasta los sonidos q hay
[19May2025 00:07:16.286] [Server thread/INFO] [net.minecraft.server.MinecraftServer/]: [Not Secure] <DrPingaFloja> para mi es como una mina normal pq tengo el collar q me deja caminar en el agua XD
[19May2025 00:07:41.977] [Server thread/INFO] [net.minecraft.server.MinecraftServer/]: Cattemci has reached the goal [Strong or Careful]
[19May2025 00:07:41.978] [Server thread/INFO] [net.minecraft.server.MinecraftServer/]: Cattemci was slain by Spider
[19May2025 00:07:41.988] [Server thread/INFO] [tombstone/]: The player Cattemci has successfully been saved
[19May2025 00:07:43.418] [Server thread/INFO] [net.minecraft.server.MinecraftServer/]: DrPingaFloja has made the advancement [Monsters Level 30]
[19May2025 00:07:46.971] [Server thread/INFO] [net.minecraft.server.MinecraftServer/]: [Not Secure] <DrPingaFloja> arcane debris no era un mineral dificil de conseguir?
[19May2025 00:09:15.932] [Server thread/INFO] [net.minecraft.server.MinecraftServer/]: [Not Secure] <DrPingaFloja> a lamierda
[19May2025 00:09:24.640] [Server thread/INFO] [net.minecraft.server.MinecraftServer/]: [Not Secure] <DrPingaFloja> solo con pico de netherite se puede romper ko
[19May2025 00:09:58.927] [Server thread/INFO] [net.minecraft.server.MinecraftServer/]: [Not Secure] <Cattemci> loco tengo demasiada dificultad
[19May2025 00:10:04.634] [Server thread/INFO] [net.minecraft.server.MinecraftServer/]: [Not Secure] <DrPingaFloja> cuanta
[19May2025 00:10:14.826] [Server thread/INFO] [net.minecraft.server.MinecraftServer/]: [Not Secure] <Cattemci> los monstruos de nivel 40 son re difíciles de matar
[19May2025 00:10:33.679] [Server thread/INFO] [net.minecraft.server.MinecraftServer/]: [Not Secure] <DrPingaFloja> pobre pendejo
[19May2025 00:10:45.079] [Server thread/INFO] [net.minecraft.server.MinecraftServer/]: [Not Secure] <Cattemci> tienes un yunque?
[19May2025 00:10:49.626] [Server thread/INFO] [net.minecraft.server.MinecraftServer/]: [Not Secure] <DrPingaFloja> yo aca comiendo algas
[19May2025 00:10:55.985] [Server thread/INFO] [net.minecraft.server.MinecraftServer/]: [Not Secure] <DrPingaFloja> en farolito tengo un yunque
[19May2025 00:16:36.032] [Server thread/INFO] [net.minecraft.server.MinecraftServer/]: Cattemci was caught by Necromancer's fangs
[19May2025 00:16:36.038] [Server thread/INFO] [tombstone/]: The player Cattemci has successfully been saved
[19May2025 00:16:49.532] [Server thread/INFO] [net.minecraft.server.MinecraftServer/]: [Not Secure] <Cattemci> tenes perla??
[19May2025 00:16:53.517] [Server thread/INFO] [net.minecraft.server.MinecraftServer/]: [Not Secure] <DrPingaFloja> no
[19May2025 00:17:00.367] [Server thread/INFO] [net.minecraft.server.MinecraftServer/]: [Not Secure] <Cattemci> estoy a 3000m de los pollos hermanos loco
[19May2025 00:21:28.630] [Server thread/INFO] [net.minecraft.server.players.PlayerList/]: Zitroop[/10.243.185.211:54276] logged in with entity id 39903 at (-1754.4113948758702, 41.0, 853.6412677693309)
[19May2025 00:21:28.654] [Server thread/INFO] [net.minecraft.server.MinecraftServer/]: Zitroop joined the game
[19May2025 00:21:28.669] [Server thread/INFO] [Jade/]: Syncing config to Zitroop (dee26597-0936-3b25-99f7-4453ba964591)
[19May2025 00:21:30.948] [Server thread/INFO] [voicechat/]: [voicechat] Received secret request of Zitroop (18)
[19May2025 00:21:30.949] [Server thread/INFO] [voicechat/]: [voicechat] Sent secret to Zitroop
[19May2025 00:21:43.833] [VoiceChatPacketProcessingThread/INFO] [voicechat/]: [voicechat] Successfully authenticated player dee26597-0936-3b25-99f7-4453ba964591
[19May2025 00:21:44.848] [VoiceChatPacketProcessingThread/INFO] [voicechat/]: [voicechat] Successfully validated connection of player dee26597-0936-3b25-99f7-4453ba964591
[19May2025 00:21:44.849] [VoiceChatPacketProcessingThread/INFO] [voicechat/]: [voicechat] Player Zitroop (dee26597-0936-3b25-99f7-4453ba964591) successfully connected to voice chat
[19May2025 00:21:54.892] [Server thread/INFO] [net.minecraft.server.MinecraftServer/]: [Not Secure] <Zitroop> penene
[19May2025 00:21:55.955] [Server thread/WARN] [net.minecraft.server.MinecraftServer/]: Can't keep up! Is the server overloaded? Running 2008ms or 40 ticks behind
[19May2025 00:22:03.242] [Server thread/INFO] [net.minecraft.server.MinecraftServer/]: [Not Secure] <Cattemci> dc?
[19May2025 00:22:09.911] [Server thread/INFO] [net.minecraft.server.MinecraftServer/]: [Not Secure] <Zitroop> wtf
[19May2025 00:22:13.635] [Server thread/WARN] [net.minecraft.server.MinecraftServer/]: Can't keep up! Is the server overloaded? Running 2687ms or 53 ticks behind
[19May2025 00:22:16.875] [Server thread/INFO] [net.minecraft.server.MinecraftServer/]: [Not Secure] <Zitroop> por que ahora me sale lo del embiddasndkjad
[19May2025 00:22:18.976] [Server thread/INFO] [net.minecraft.server.MinecraftServer/]: [Not Secure] <Zitroop> dale discord
[19May2025 00:22:36.754] [Server thread/INFO] [net.minecraft.server.MinecraftServer/]: [Not Secure] <Zitroop> WTH
[19May2025 00:23:29.507] [Server thread/WARN] [net.minecraft.server.MinecraftServer/]: Can't keep up! Is the server overloaded? Running 2009ms or 40 ticks behind
[19May2025 00:23:48.694] [Server thread/WARN] [net.minecraft.server.MinecraftServer/]: Can't keep up! Is the server overloaded? Running 4197ms or 83 ticks behind
[19May2025 00:24:07.673] [Server thread/WARN] [net.minecraft.server.MinecraftServer/]: Can't keep up! Is the server overloaded? Running 4025ms or 80 ticks behind
[19May2025 00:24:07.836] [Server thread/WARN] [net.minecraft.world.level.chunk.LevelChunk/]: Tried to load a DUMMY block entity @ BlockPos{x=-3127, y=19, z=-1571} but found not block entity block Block{minecraft:water}[level=2] at location
[19May2025 00:24:07.836] [Server thread/WARN] [net.minecraft.world.level.chunk.LevelChunk/]: Tried to load a block entity for block Block{minecraft:water}[level=2] but failed at location BlockPos{x=-3127, y=19, z=-1571}
[19May2025 00:24:26.401] [Server thread/WARN] [net.minecraft.server.MinecraftServer/]: Can't keep up! Is the server overloaded? Running 2003ms or 40 ticks behind
[19May2025 00:24:47.609] [Server thread/WARN] [net.minecraft.server.MinecraftServer/]: Can't keep up! Is the server overloaded? Running 6212ms or 124 ticks behind
[19May2025 00:25:00.323] [Server thread/WARN] [net.minecraft.world.level.chunk.LevelChunk/]: Tried to load a DUMMY block entity @ BlockPos{x=-3252, y=23, z=-1694} but found not block entity block Block{minecraft:water}[level=2] at location
[19May2025 00:25:00.324] [Server thread/WARN] [net.minecraft.world.level.chunk.LevelChunk/]: Tried to load a block entity for block Block{minecraft:water}[level=2] but failed at location BlockPos{x=-3252, y=23, z=-1694}
[19May2025 00:25:06.179] [Server thread/WARN] [net.minecraft.server.MinecraftServer/]: Can't keep up! Is the server overloaded? Running 3581ms or 71 ticks behind
[19May2025 00:25:11.677] [Server thread/INFO] [net.minecraft.server.MinecraftServer/]: [Not Secure] <DrPingaFloja> ustedes tambien flotan si miran hacia arriba?
[19May2025 00:25:17.633] [Server thread/INFO] [net.minecraft.server.MinecraftServer/]: [Not Secure] <DrPingaFloja> ah no
[19May2025 00:25:26.078] [Server thread/INFO] [net.minecraft.server.MinecraftServer/]: [Not Secure] <Cattemci> dependiendo flotas nms
[19May2025 00:25:32.284] [Server thread/INFO] [net.minecraft.server.MinecraftServer/]: [Not Secure] <DrPingaFloja> hermano estoy en una cuevota
[19May2025 00:25:33.587] [Server thread/INFO] [net.minecraft.server.MinecraftServer/]: Cattemci has made the advancement [Cover Me with Diamonds]
[19May2025 00:26:21.517] [Server thread/WARN] [net.minecraft.server.MinecraftServer/]: Can't keep up! Is the server overloaded? Running 2019ms or 40 ticks behind
[19May2025 00:26:30.577] [Server thread/INFO] [net.minecraft.server.MinecraftServer/]: [Not Secure] <DrPingaFloja> pez gota el peor pez del mundo no sirve para nada
[19May2025 00:30:11.946] [Server thread/WARN] [net.minecraft.server.MinecraftServer/]: Can't keep up! Is the server overloaded? Running 2149ms or 42 ticks behind
[19May2025 00:30:13.693] [Server thread/INFO] [net.minecraft.server.MinecraftServer/]: Zitroop has made the advancement [Amateur Archaeologist]
[19May2025 00:31:12.186] [Server thread/INFO] [net.minecraft.server.MinecraftServer/]: Cattemci was doomed to fall
[19May2025 00:31:12.204] [Server thread/INFO] [tombstone/]: The player Cattemci has successfully been saved
[19May2025 00:33:14.631] [Server thread/INFO] [net.minecraft.server.MinecraftServer/]: DrPingaFloja was slain by Spider
[19May2025 00:33:14.658] [Server thread/INFO] [tombstone/]: The player DrPingaFloja has successfully been saved
[19May2025 00:35:12.844] [Server thread/INFO] [net.minecraft.server.MinecraftServer/]: DrPingaFloja has made the advancement [Fishy Business]
[19May2025 00:35:31.030] [Server thread/INFO] [net.minecraft.server.MinecraftServer/]: [Not Secure] <DrPingaFloja> soy un fracasado
[19May2025 00:35:47.307] [Server thread/INFO] [net.minecraft.server.MinecraftServer/]: [Not Secure] <DrPingaFloja> NDE
[19May2025 00:35:52.035] [Server thread/INFO] [net.minecraft.server.MinecraftServer/]: [Not Secure] <DrPingaFloja> hay como unjugador aca
[19May2025 00:36:02.989] [Server thread/INFO] [net.minecraft.server.MinecraftServer/]: [Not Secure] <DrPingaFloja> ah es un fantasma
[19May2025 00:36:10.412] [Server thread/INFO] [net.minecraft.server.MinecraftServer/]: [Not Secure] <DrPingaFloja> un wey con pico y skin de alex
[19May2025 00:36:15.078] [Server thread/INFO] [net.minecraft.server.MinecraftServer/]: [Not Secure] <DrPingaFloja> QUE
[19May2025 00:36:20.540] [Server thread/INFO] [net.minecraft.server.MinecraftServer/]: [Not Secure] <DrPingaFloja> hay mas
[19May2025 00:36:26.776] [Server thread/INFO] [net.minecraft.server.MinecraftServer/]: [Not Secure] <Zitroop> que
[19May2025 00:36:27.999] [Server thread/INFO] [net.minecraft.server.MinecraftServer/]: [Not Secure] <DrPingaFloja> tienen nombre wtf
[19May2025 00:36:32.427] [Server thread/INFO] [net.minecraft.server.MinecraftServer/]: [Not Secure] <DrPingaFloja> me da miedoid
[19May2025 00:37:31.700] [Server thread/INFO] [net.minecraft.server.MinecraftServer/]: Zitroop has made the advancement [Diamonds!]
[19May2025 00:37:43.101] [Server thread/WARN] [net.minecraft.server.MinecraftServer/]: Can't keep up! Is the server overloaded? Running 2053ms or 41 ticks behind
[19May2025 00:39:24.534] [Server thread/INFO] [net.minecraft.server.MinecraftServer/]: Zitroop has made the advancement [Funeral Theft]
[19May2025 00:40:15.645] [Server thread/INFO] [net.minecraft.server.MinecraftServer/]: Zitroop has made the advancement [Best Friends Forever]
[19May2025 00:42:09.053] [Server thread/INFO] [net.minecraft.server.MinecraftServer/]: Zitroop has made the advancement [The Parrots and the Bats]
[19May2025 00:42:22.076] [Server thread/INFO] [net.minecraft.server.MinecraftServer/]: Zitroop has made the advancement [Mine? Mine? Mine?]
[19May2025 00:43:21.392] [Server thread/INFO] [net.minecraft.server.MinecraftServer/]: [Not Secure] <Cattemci> duerman duerman duerman
[19May2025 00:43:34.591] [Server thread/INFO] [net.minecraft.server.MinecraftServer/]: [Not Secure] <Zitroop> los ronquidos de los aldeanos son horribles
[19May2025 00:43:39.041] [Server thread/INFO] [net.minecraft.server.MinecraftServer/]: [Not Secure] <Zitroop> duerma
[19May2025 00:43:41.793] [Server thread/INFO] [net.minecraft.server.MinecraftServer/]: [Not Secure] <Zitroop> dormi elias
[19May2025 00:43:44.738] [Server thread/INFO] [net.minecraft.server.MinecraftServer/]: [Not Secure] <DrPingaFloja> no puedo we
[19May2025 00:43:47.836] [Server thread/INFO] [net.minecraft.server.MinecraftServer/]: [Not Secure] <Zitroop> sali
[19May2025 00:43:53.092] [Server thread/INFO] [net.minecraft.server.MinecraftServer/]: [Not Secure] <DrPingaFloja> gay
[19May2025 00:43:54.586] [Server thread/INFO] [net.minecraft.server.network.ServerGamePacketListenerImpl/]: DrPingaFloja lost connection: Disconnected
[19May2025 00:43:54.587] [Server thread/INFO] [net.minecraft.server.MinecraftServer/]: DrPingaFloja left the game
[19May2025 00:43:54.587] [Server thread/INFO] [voicechat/]: [voicechat] Disconnecting client DrPingaFloja
[19May2025 00:44:42.905] [Server thread/INFO] [net.minecraft.server.players.PlayerList/]: DrPingaFloja[/10.243.123.226:57670] logged in with entity id 61636 at (-3185.4888434659324, -20.0, -1456.8668157642564)
[19May2025 00:44:42.914] [Server thread/INFO] [ModernFix/]: Using enhanced recipe sync for player DrPingaFloja
[19May2025 00:44:42.922] [Server thread/INFO] [net.minecraft.server.MinecraftServer/]: DrPingaFloja joined the game
[19May2025 00:44:42.941] [Server thread/INFO] [Jade/]: Syncing config to DrPingaFloja (f45bc295-6c7a-3aa9-95fe-73944750202f)
[19May2025 00:44:43.196] [Server thread/INFO] [voicechat/]: [voicechat] Received secret request of DrPingaFloja (18)
[19May2025 00:44:43.197] [Server thread/INFO] [voicechat/]: [voicechat] Sent secret to DrPingaFloja
[19May2025 00:44:49.185] [VoiceChatPacketProcessingThread/INFO] [voicechat/]: [voicechat] Successfully authenticated player f45bc295-6c7a-3aa9-95fe-73944750202f
[19May2025 00:44:50.181] [VoiceChatPacketProcessingThread/INFO] [voicechat/]: [voicechat] Successfully validated connection of player f45bc295-6c7a-3aa9-95fe-73944750202f
[19May2025 00:44:50.181] [VoiceChatPacketProcessingThread/INFO] [voicechat/]: [voicechat] Player DrPingaFloja (f45bc295-6c7a-3aa9-95fe-73944750202f) successfully connected to voice chat
[19May2025 00:46:16.461] [Server thread/WARN] [net.minecraft.world.level.chunk.LevelChunk/]: Tried to load a DUMMY block entity @ BlockPos{x=-2898, y=27, z=-1524} but found not block entity block Block{minecraft:water}[level=5] at location
[19May2025 00:46:16.461] [Server thread/WARN] [net.minecraft.world.level.chunk.LevelChunk/]: Tried to load a block entity for block Block{minecraft:water}[level=5] but failed at location BlockPos{x=-2898, y=27, z=-1524}
[19May2025 00:46:53.368] [Server thread/WARN] [net.minecraft.server.MinecraftServer/]: Can't keep up! Is the server overloaded? Running 2021ms or 40 ticks behind
[19May2025 00:46:58.942] [Server thread/WARN] [net.minecraft.world.level.chunk.LevelChunk/]: Tried to load a DUMMY block entity @ BlockPos{x=-3052, y=38, z=-1730} but found not block entity block Block{minecraft:water}[level=2] at location
[19May2025 00:46:58.943] [Server thread/WARN] [net.minecraft.world.level.chunk.LevelChunk/]: Tried to load a block entity for block Block{minecraft:water}[level=2] but failed at location BlockPos{x=-3052, y=38, z=-1730}
[19May2025 00:47:12.473] [Server thread/WARN] [net.minecraft.server.MinecraftServer/]: Can't keep up! Is the server overloaded? Running 4125ms or 82 ticks behind
[19May2025 00:49:45.816] [Server thread/INFO] [net.minecraft.server.players.PlayerList/]: Mtaep[/10.243.95.12:54065] logged in with entity id 66611 at (448.2068373161867, 105.0, -1113.705179409396)
[19May2025 00:49:45.824] [Server thread/INFO] [ModernFix/]: Using enhanced recipe sync for player Mtaep
[19May2025 00:49:45.826] [Server thread/INFO] [net.minecraft.server.MinecraftServer/]: Mtaep joined the game
[19May2025 00:49:45.844] [Server thread/INFO] [Jade/]: Syncing config to Mtaep (c42aba1a-dbbb-3485-bd79-6cc60ec3d64e)
[19May2025 00:49:47.987] [Server thread/INFO] [voicechat/]: [voicechat] Received secret request of Mtaep (18)
[19May2025 00:49:47.987] [Server thread/INFO] [voicechat/]: [voicechat] Sent secret to Mtaep
[19May2025 00:49:56.181] [VoiceChatPacketProcessingThread/INFO] [voicechat/]: [voicechat] Successfully authenticated player c42aba1a-dbbb-3485-bd79-6cc60ec3d64e
[19May2025 00:49:57.183] [VoiceChatPacketProcessingThread/INFO] [voicechat/]: [voicechat] Successfully validated connection of player c42aba1a-dbbb-3485-bd79-6cc60ec3d64e
[19May2025 00:49:57.183] [VoiceChatPacketProcessingThread/INFO] [voicechat/]: [voicechat] Player Mtaep (c42aba1a-dbbb-3485-bd79-6cc60ec3d64e) successfully connected to voice chat
[19May2025 00:49:59.123] [Server thread/WARN] [net.minecraft.server.MinecraftServer/]: Can't keep up! Is the server overloaded? Running 2025ms or 40 ticks behind
[19May2025 00:50:18.706] [Server thread/WARN] [net.minecraft.server.MinecraftServer/]: Can't keep up! Is the server overloaded? Running 4608ms or 92 ticks behind
[19May2025 00:50:38.708] [Server thread/WARN] [net.minecraft.server.MinecraftServer/]: Can't keep up! Is the server overloaded? Running 5010ms or 100 ticks behind
[19May2025 00:50:57.816] [Server thread/WARN] [net.minecraft.server.MinecraftServer/]: Can't keep up! Is the server overloaded? Running 4118ms or 82 ticks behind
[19May2025 00:51:16.937] [Server thread/WARN] [net.minecraft.server.MinecraftServer/]: Can't keep up! Is the server overloaded? Running 4139ms or 82 ticks behind
[19May2025 00:51:40.803] [Server thread/WARN] [net.minecraft.server.MinecraftServer/]: Can't keep up! Is the server overloaded? Running 8905ms or 178 ticks behind
[19May2025 00:52:08.317] [Server thread/WARN] [net.minecraft.server.MinecraftServer/]: Can't keep up! Is the server overloaded? Running 12519ms or 250 ticks behind
[19May2025 00:52:38.079] [Server thread/WARN] [net.minecraft.server.MinecraftServer/]: Can't keep up! Is the server overloaded? Running 14782ms or 295 ticks behind
[19May2025 00:52:52.192] [Server thread/WARN] [net.minecraft.world.level.chunk.LevelChunk/]: Tried to load a DUMMY block entity @ BlockPos{x=-3252, y=29, z=-1886} but found not block entity block Block{minecraft:water}[level=3] at location
[19May2025 00:52:52.193] [Server thread/WARN] [net.minecraft.world.level.chunk.LevelChunk/]: Tried to load a block entity for block Block{minecraft:water}[level=3] but failed at location BlockPos{x=-3252, y=29, z=-1886}
[19May2025 00:53:05.998] [Server thread/WARN] [net.minecraft.server.MinecraftServer/]: Can't keep up! Is the server overloaded? Running 12950ms or 259 ticks behind
[19May2025 00:53:29.698] [Server thread/WARN] [net.minecraft.server.MinecraftServer/]: Can't keep up! Is the server overloaded? Running 8700ms or 174 ticks behind
[19May2025 00:53:43.133] [Server thread/WARN] [net.minecraft.world.level.chunk.LevelChunk/]: Tried to load a DUMMY block entity @ BlockPos{x=-3363, y=37, z=-1801} but found not block entity block Block{minecraft:water}[level=2] at location
[19May2025 00:53:43.133] [Server thread/WARN] [net.minecraft.world.level.chunk.LevelChunk/]: Tried to load a block entity for block Block{minecraft:water}[level=2] but failed at location BlockPos{x=-3363, y=37, z=-1801}
[19May2025 00:53:52.484] [Server thread/WARN] [net.minecraft.server.MinecraftServer/]: Can't keep up! Is the server overloaded? Running 7787ms or 155 ticks behind
[19May2025 00:54:02.848] [Server thread/WARN] [net.minecraft.server.network.ServerGamePacketListenerImpl/]: Zitroop moved too quickly! -9.957044968313994,1.2491870787446828,-1.1841936658796612
[19May2025 00:54:05.671] [Server thread/WARN] [net.minecraft.world.level.entity.PersistentEntitySectionManager/]: UUID of added entity already exists: Drowned['Drowned'/71316, l='ServerLevel[world]', x=-3321.50, y=10.00, z=-1636.50]
[19May2025 00:54:14.753] [Server thread/WARN] [net.minecraft.server.MinecraftServer/]: Can't keep up! Is the server overloaded? Running 7306ms or 146 ticks behind
[19May2025 00:54:32.645] [Server thread/WARN] [net.minecraft.server.MinecraftServer/]: Can't keep up! Is the server overloaded? Running 2898ms or 57 ticks behind
[19May2025 00:54:54.487] [Server thread/WARN] [net.minecraft.server.MinecraftServer/]: Can't keep up! Is the server overloaded? Running 2040ms or 40 ticks behind
[19May2025 00:55:28.703] [Server thread/WARN] [net.minecraft.server.MinecraftServer/]: Can't keep up! Is the server overloaded? Running 2005ms or 40 ticks behind
[19May2025 00:55:46.599] [Server thread/WARN] [net.minecraft.server.MinecraftServer/]: Can't keep up! Is the server overloaded? Running 2902ms or 58 ticks behind
[19May2025 00:56:06.645] [Server thread/WARN] [net.minecraft.server.MinecraftServer/]: Can't keep up! Is the server overloaded? Running 5048ms or 100 ticks behind
[19May2025 00:56:27.537] [Server thread/WARN] [net.minecraft.server.MinecraftServer/]: Can't keep up! Is the server overloaded? Running 5940ms or 118 ticks behind
[19May2025 00:56:28.826] [Server thread/WARN] [net.minecraft.world.level.chunk.LevelChunk/]: Tried to load a DUMMY block entity @ BlockPos{x=-3347, y=2, z=-2009} but found not block entity block Block{minecraft:water}[level=2] at location
[19May2025 00:56:28.826] [Server thread/WARN] [net.minecraft.world.level.chunk.LevelChunk/]: Tried to load a block entity for block Block{minecraft:water}[level=2] but failed at location BlockPos{x=-3347, y=2, z=-2009}
[19May2025 00:56:51.692] [Server thread/WARN] [net.minecraft.server.MinecraftServer/]: Can't keep up! Is the server overloaded? Running 9195ms or 183 ticks behind
[19May2025 00:57:13.561] [Server thread/WARN] [net.minecraft.server.MinecraftServer/]: Can't keep up! Is the server overloaded? Running 6913ms or 138 ticks behind
[19May2025 00:57:33.776] [Server thread/INFO] [journeymap/]: mp (FileLoaded) Setting config file to version "5.10.3": journeymap.server.mp.config
[19May2025 00:57:51.524] [Server thread/INFO] [net.minecraft.server.MinecraftServer/]: DrPingaFloja fell from a high place
[19May2025 00:57:51.577] [Server thread/INFO] [tombstone/]: The player DrPingaFloja has successfully been saved
[19May2025 00:58:23.477] [Server thread/INFO] [net.minecraft.server.MinecraftServer/]: Stopping server
[19May2025 00:58:23.487] [Server thread/INFO] [net.minecraft.server.MinecraftServer/]: Saving players
[19May2025 00:58:23.615] [Server thread/INFO] [net.minecraft.server.network.ServerGamePacketListenerImpl/]: Zitroop lost connection: Server closed
[19May2025 00:58:23.615] [Server thread/INFO] [net.minecraft.server.MinecraftServer/]: Zitroop left the game
[19May2025 00:58:23.628] [Server thread/INFO] [net.minecraft.server.network.ServerGamePacketListenerImpl/]: Mtaep lost connection: Server closed
[19May2025 00:58:23.628] [Server thread/INFO] [net.minecraft.server.MinecraftServer/]: Mtaep left the game
[19May2025 00:58:23.640] [Server thread/INFO] [net.minecraft.server.MinecraftServer/]: Saving worlds
[19May2025 00:58:24.282] [Server thread/INFO] [net.minecraft.server.MinecraftServer/]: Saving chunks for level 'ServerLevel[world]'/minecraft:overworld
[19May2025 00:58:27.818] [Server thread/INFO] [net.minecraft.server.MinecraftServer/]: Saving chunks for level 'ServerLevel[world]'/sweet_calamity:sweet_lands
[19May2025 00:58:27.819] [Server thread/INFO] [net.minecraft.server.MinecraftServer/]: Saving chunks for level 'ServerLevel[world]'/aquatica:eternal_deep
[19May2025 00:58:27.820] [Server thread/INFO] [net.minecraft.server.MinecraftServer/]: Saving chunks for level 'ServerLevel[world]'/minecraft:the_nether
[19May2025 00:58:27.821] [Server thread/INFO] [net.minecraft.server.MinecraftServer/]: Saving chunks for level 'ServerLevel[world]'/minecraft:the_end
[19May2025 00:58:27.903] [Server thread/INFO] [net.minecraft.server.MinecraftServer/]: ThreadedAnvilChunkStorage (world): All chunks are saved
[19May2025 00:58:27.903] [Server thread/INFO] [net.minecraft.server.MinecraftServer/]: ThreadedAnvilChunkStorage (sweet_lands): All chunks are saved
[19May2025 00:58:27.903] [Server thread/INFO] [net.minecraft.server.MinecraftServer/]: ThreadedAnvilChunkStorage (eternal_deep): All chunks are saved
[19May2025 00:58:27.903] [Server thread/INFO] [net.minecraft.server.MinecraftServer/]: ThreadedAnvilChunkStorage (DIM-1): All chunks are saved
[19May2025 00:58:27.903] [Server thread/INFO] [net.minecraft.server.MinecraftServer/]: ThreadedAnvilChunkStorage (DIM1): All chunks are saved
[19May2025 00:58:27.903] [Server thread/INFO] [net.minecraft.server.MinecraftServer/]: ThreadedAnvilChunkStorage: All dimensions are saved
[19May2025 00:58:27.926] [Server thread/INFO] [com.yellowbrossproductions.illageandspillage.IllageAndSpillage/]: Removed entity.illageandspillage.boss_randomizer from Raids to prevent a post-mod-removal crash
[19May2025 00:58:27.926] [Server thread/INFO] [com.yellowbrossproductions.illageandspillage.IllageAndSpillage/]: Removed entity.illageandspillage.igniter from Raids to prevent a post-mod-removal crash
[19May2025 00:58:27.926] [Server thread/INFO] [com.yellowbrossproductions.illageandspillage.IllageAndSpillage/]: Removed entity.illageandspillage.engineer from Raids to prevent a post-mod-removal crash
[19May2025 00:58:27.926] [Server thread/INFO] [com.yellowbrossproductions.illageandspillage.IllageAndSpillage/]: Removed entity.illageandspillage.twittollager from Raids to prevent a post-mod-removal crash
[19May2025 00:58:27.926] [Server thread/INFO] [com.yellowbrossproductions.illageandspillage.IllageAndSpillage/]: Removed entity.illageandspillage.magispeller from Raids to prevent a post-mod-removal crash
[19May2025 00:58:27.926] [Server thread/INFO] [com.yellowbrossproductions.illageandspillage.IllageAndSpillage/]: Removed entity.illageandspillage.spiritcaller from Raids to prevent a post-mod-removal crash
[19May2025 00:58:27.927] [Server thread/INFO] [com.yellowbrossproductions.illageandspillage.IllageAndSpillage/]: Removed entity.illageandspillage.crocofang from Raids to prevent a post-mod-removal crash
[19May2025 00:58:27.927] [Server thread/INFO] [com.yellowbrossproductions.illageandspillage.IllageAndSpillage/]: Removed entity.illageandspillage.absorber from Raids to prevent a post-mod-removal crash
[19May2025 00:58:27.927] [Server thread/INFO] [com.yellowbrossproductions.illageandspillage.IllageAndSpillage/]: Removed entity.illageandspillage.preserver from Raids to prevent a post-mod-removal crash
[19May2025 00:58:27.927] [Server thread/INFO] [com.yellowbrossproductions.illageandspillage.IllageAndSpillage/]: Removed entity.illageandspillage.freakager from Raids to prevent a post-mod-removal crash
[19May2025 00:58:27.927] [Server thread/INFO] [com.yellowbrossproductions.illageandspillage.IllageAndSpillage/]: Removed entity.illageandspillage.old_freakager from Raids to prevent a post-mod-removal crash
[19May2025 00:58:27.927] [Server thread/INFO] [com.yellowbrossproductions.illageandspillage.IllageAndSpillage/]: Removed entity.illageandspillage.old_magispeller from Raids to prevent a post-mod-removal crash
[19May2025 00:58:28.241] [Server thread/INFO] [com.yellowbrossproductions.illageandspillage.IllageAndSpillage/]: Removed entity.illageandspillage.boss_randomizer from Raids to prevent a post-mod-removal crash
[19May2025 00:58:28.241] [Server thread/INFO] [com.yellowbrossproductions.illageandspillage.IllageAndSpillage/]: Removed entity.illageandspillage.igniter from Raids to prevent a post-mod-removal crash
[19May2025 00:58:28.241] [Server thread/INFO] [com.yellowbrossproductions.illageandspillage.IllageAndSpillage/]: Removed entity.illageandspillage.engineer from Raids to prevent a post-mod-removal crash
[19May2025 00:58:28.241] [Server thread/INFO] [com.yellowbrossproductions.illageandspillage.IllageAndSpillage/]: Removed entity.illageandspillage.twittollager from Raids to prevent a post-mod-removal crash
[19May2025 00:58:28.241] [Server thread/INFO] [com.yellowbrossproductions.illageandspillage.IllageAndSpillage/]: Removed entity.illageandspillage.magispeller from Raids to prevent a post-mod-removal crash
[19May2025 00:58:28.241] [Server thread/INFO] [com.yellowbrossproductions.illageandspillage.IllageAndSpillage/]: Removed entity.illageandspillage.spiritcaller from Raids to prevent a post-mod-removal crash
[19May2025 00:58:28.241] [Server thread/INFO] [com.yellowbrossproductions.illageandspillage.IllageAndSpillage/]: Removed entity.illageandspillage.crocofang from Raids to prevent a post-mod-removal crash
[19May2025 00:58:28.242] [Server thread/INFO] [com.yellowbrossproductions.illageandspillage.IllageAndSpillage/]: Removed entity.illageandspillage.absorber from Raids to prevent a post-mod-removal crash
[19May2025 00:58:28.242] [Server thread/INFO] [com.yellowbrossproductions.illageandspillage.IllageAndSpillage/]: Removed entity.illageandspillage.preserver from Raids to prevent a post-mod-removal crash
[19May2025 00:58:28.242] [Server thread/INFO] [com.yellowbrossproductions.illageandspillage.IllageAndSpillage/]: Removed entity.illageandspillage.freakager from Raids to prevent a post-mod-removal crash
[19May2025 00:58:28.242] [Server thread/INFO] [com.yellowbrossproductions.illageandspillage.IllageAndSpillage/]: Removed entity.illageandspillage.old_freakager from Raids to prevent a post-mod-removal crash
[19May2025 00:58:28.242] [Server thread/INFO] [com.yellowbrossproductions.illageandspillage.IllageAndSpillage/]: Removed entity.illageandspillage.old_magispeller from Raids to prevent a post-mod-removal crash
[19May2025 00:58:28.243] [Server thread/INFO] [com.yellowbrossproductions.illageandspillage.IllageAndSpillage/]: Removed entity.illageandspillage.boss_randomizer from Raids to prevent a post-mod-removal crash
[19May2025 00:58:28.243] [Server thread/INFO] [com.yellowbrossproductions.illageandspillage.IllageAndSpillage/]: Removed entity.illageandspillage.igniter from Raids to prevent a post-mod-removal crash
[19May2025 00:58:28.243] [Server thread/INFO] [com.yellowbrossproductions.illageandspillage.IllageAndSpillage/]: Removed entity.illageandspillage.engineer from Raids to prevent a post-mod-removal crash
[19May2025 00:58:28.243] [Server thread/INFO] [com.yellowbrossproductions.illageandspillage.IllageAndSpillage/]: Removed entity.illageandspillage.twittollager from Raids to prevent a post-mod-removal crash
[19May2025 00:58:28.243] [Server thread/INFO] [com.yellowbrossproductions.illageandspillage.IllageAndSpillage/]: Removed entity.illageandspillage.magispeller from Raids to prevent a post-mod-removal crash
[19May2025 00:58:28.243] [Server thread/INFO] [com.yellowbrossproductions.illageandspillage.IllageAndSpillage/]: Removed entity.illageandspillage.spiritcaller from Raids to prevent a post-mod-removal crash
[19May2025 00:58:28.243] [Server thread/INFO] [com.yellowbrossproductions.illageandspillage.IllageAndSpillage/]: Removed entity.illageandspillage.crocofang from Raids to prevent a post-mod-removal crash
[19May2025 00:58:28.243] [Server thread/INFO] [com.yellowbrossproductions.illageandspillage.IllageAndSpillage/]: Removed entity.illageandspillage.absorber from Raids to prevent a post-mod-removal crash
[19May2025 00:58:28.243] [Server thread/INFO] [com.yellowbrossproductions.illageandspillage.IllageAndSpillage/]: Removed entity.illageandspillage.preserver from Raids to prevent a post-mod-removal crash
[19May2025 00:58:28.243] [Server thread/INFO] [com.yellowbrossproductions.illageandspillage.IllageAndSpillage/]: Removed entity.illageandspillage.freakager from Raids to prevent a post-mod-removal crash
[19May2025 00:58:28.243] [Server thread/INFO] [com.yellowbrossproductions.illageandspillage.IllageAndSpillage/]: Removed entity.illageandspillage.old_freakager from Raids to prevent a post-mod-removal crash
[19May2025 00:58:28.243] [Server thread/INFO] [com.yellowbrossproductions.illageandspillage.IllageAndSpillage/]: Removed entity.illageandspillage.old_magispeller from Raids to prevent a post-mod-removal crash
[19May2025 00:58:28.243] [Server thread/INFO] [com.yellowbrossproductions.illageandspillage.IllageAndSpillage/]: Removed entity.illageandspillage.boss_randomizer from Raids to prevent a post-mod-removal crash
[19May2025 00:58:28.244] [Server thread/INFO] [com.yellowbrossproductions.illageandspillage.IllageAndSpillage/]: Removed entity.illageandspillage.igniter from Raids to prevent a post-mod-removal crash
[19May2025 00:58:28.244] [Server thread/INFO] [com.yellowbrossproductions.illageandspillage.IllageAndSpillage/]: Removed entity.illageandspillage.engineer from Raids to prevent a post-mod-removal crash
[19May2025 00:58:28.244] [Server thread/INFO] [com.yellowbrossproductions.illageandspillage.IllageAndSpillage/]: Removed entity.illageandspillage.twittollager from Raids to prevent a post-mod-removal crash
[19May2025 00:58:28.244] [Server thread/INFO] [com.yellowbrossproductions.illageandspillage.IllageAndSpillage/]: Removed entity.illageandspillage.magispeller from Raids to prevent a post-mod-removal crash
[19May2025 00:58:28.244] [Server thread/INFO] [com.yellowbrossproductions.illageandspillage.IllageAndSpillage/]: Removed entity.illageandspillage.spiritcaller from Raids to prevent a post-mod-removal crash
[19May2025 00:58:28.244] [Server thread/INFO] [com.yellowbrossproductions.illageandspillage.IllageAndSpillage/]: Removed entity.illageandspillage.crocofang from Raids to prevent a post-mod-removal crash
[19May2025 00:58:28.244] [Server thread/INFO] [com.yellowbrossproductions.illageandspillage.IllageAndSpillage/]: Removed entity.illageandspillage.absorber from Raids to prevent a post-mod-removal crash
[19May2025 00:58:28.244] [Server thread/INFO] [com.yellowbrossproductions.illageandspillage.IllageAndSpillage/]: Removed entity.illageandspillage.preserver from Raids to prevent a post-mod-removal crash
[19May2025 00:58:28.244] [Server thread/INFO] [com.yellowbrossproductions.illageandspillage.IllageAndSpillage/]: Removed entity.illageandspillage.freakager from Raids to prevent a post-mod-removal crash
[19May2025 00:58:28.244] [Server thread/INFO] [com.yellowbrossproductions.illageandspillage.IllageAndSpillage/]: Removed entity.illageandspillage.old_freakager from Raids to prevent a post-mod-removal crash
[19May2025 00:58:28.244] [Server thread/INFO] [com.yellowbrossproductions.illageandspillage.IllageAndSpillage/]: Removed entity.illageandspillage.old_magispeller from Raids to prevent a post-mod-removal crash
[19May2025 00:58:28.245] [Server thread/INFO] [com.yellowbrossproductions.illageandspillage.IllageAndSpillage/]: Removed entity.illageandspillage.boss_randomizer from Raids to prevent a post-mod-removal crash
[19May2025 00:58:28.245] [Server thread/INFO] [com.yellowbrossproductions.illageandspillage.IllageAndSpillage/]: Removed entity.illageandspillage.igniter from Raids to prevent a post-mod-removal crash
[19May2025 00:58:28.245] [Server thread/INFO] [com.yellowbrossproductions.illageandspillage.IllageAndSpillage/]: Removed entity.illageandspillage.engineer from Raids to prevent a post-mod-removal crash
[19May2025 00:58:28.245] [Server thread/INFO] [com.yellowbrossproductions.illageandspillage.IllageAndSpillage/]: Removed entity.illageandspillage.twittollager from Raids to prevent a post-mod-removal crash
[19May2025 00:58:28.245] [Server thread/INFO] [com.yellowbrossproductions.illageandspillage.IllageAndSpillage/]: Removed entity.illageandspillage.magispeller from Raids to prevent a post-mod-removal crash
[19May2025 00:58:28.245] [Server thread/INFO] [com.yellowbrossproductions.illageandspillage.IllageAndSpillage/]: Removed entity.illageandspillage.spiritcaller from Raids to prevent a post-mod-removal crash
[19May2025 00:58:28.245] [Server thread/INFO] [com.yellowbrossproductions.illageandspillage.IllageAndSpillage/]: Removed entity.illageandspillage.crocofang from Raids to prevent a post-mod-removal crash
[19May2025 00:58:28.245] [Server thread/INFO] [com.yellowbrossproductions.illageandspillage.IllageAndSpillage/]: Removed entity.illageandspillage.absorber from Raids to prevent a post-mod-removal crash
[19May2025 00:58:28.246] [Server thread/INFO] [com.yellowbrossproductions.illageandspillage.IllageAndSpillage/]: Removed entity.illageandspillage.preserver from Raids to prevent a post-mod-removal crash
[19May2025 00:58:28.246] [Server thread/INFO] [com.yellowbrossproductions.illageandspillage.IllageAndSpillage/]: Removed entity.illageandspillage.freakager from Raids to prevent a post-mod-removal crash
[19May2025 00:58:28.246] [Server thread/INFO] [com.yellowbrossproductions.illageandspillage.IllageAndSpillage/]: Removed entity.illageandspillage.old_freakager from Raids to prevent a post-mod-removal crash
[19May2025 00:58:28.246] [Server thread/INFO] [com.yellowbrossproductions.illageandspillage.IllageAndSpillage/]: Removed entity.illageandspillage.old_magispeller from Raids to prevent a post-mod-removal crash
[19May2025 00:58:28.257] [Server thread/INFO] [journeymap/]: Loading JourneyMap Forge Configs
